<?xml version="1.0" encoding="UTF-8"?>
<!-- Generated by org.testng.reporters.JUnitReportReporter -->
<testsuite hostname="Akash96" failures="0" tests="1" name="Grow.GrowTest" time="3.575" errors="0" timestamp="2021-10-30T08:42:18 IST" skipped="0">
  <testcase classname="Grow.GrowTest" name="testipo" time="3.575"/>
  <system-out/>
</testsuite> <!-- Grow.GrowTest -->
